<?xml version="1.0" encoding="UTF-8"?>
<testsuite name="program.traversals.BreadthFirstTraversalTest" tests="6" skipped="0" failures="0" errors="0" timestamp="2020-07-29T16:22:04" hostname="Alienware" time="0.004">
  <properties/>
  <testcase name="testTraverse_2" classname="program.traversals.BreadthFirstTraversalTest" time="0.002"/>
  <testcase name="testTraverse_3" classname="program.traversals.BreadthFirstTraversalTest" time="0.0"/>
  <testcase name="testTraverseFrom_2" classname="program.traversals.BreadthFirstTraversalTest" time="0.001"/>
  <testcase name="testTraverseFrom_3" classname="program.traversals.BreadthFirstTraversalTest" time="0.0"/>
  <testcase name="testTraverseFrom" classname="program.traversals.BreadthFirstTraversalTest" time="0.001"/>
  <testcase name="testTraverse" classname="program.traversals.BreadthFirstTraversalTest" time="0.0"/>
  <system-out><![CDATA[]]></system-out>
  <system-err><![CDATA[]]></system-err>
</testsuite>
