<?xml version="1.0" encoding="UTF-8"?>
<testsuite name="program.structures.impl.LinkedBinaryTreeTest" tests="43" skipped="0" failures="0" errors="0" timestamp="2020-09-23T00:20:38" hostname="Alienware" time="0.025">
  <properties/>
  <testcase name="testCreateNode_2" classname="program.structures.impl.LinkedBinaryTreeTest" time="0.006"/>
  <testcase name="testCreateNode_3" classname="program.structures.impl.LinkedBinaryTreeTest" time="0.001"/>
  <testcase name="testNumChildren_2" classname="program.structures.impl.LinkedBinaryTreeTest" time="0.0"/>
  <testcase name="testAddLeft" classname="program.structures.impl.LinkedBinaryTreeTest" time="0.0"/>
  <testcase name="testSet" classname="program.structures.impl.LinkedBinaryTreeTest" time="0.0"/>
  <testcase name="testRight" classname="program.structures.impl.LinkedBinaryTreeTest" time="0.0"/>
  <testcase name="testSet_2" classname="program.structures.impl.LinkedBinaryTreeTest" time="0.0"/>
  <testcase name="testSet_3" classname="program.structures.impl.LinkedBinaryTreeTest" time="0.0"/>
  <testcase name="testSet_4" classname="program.structures.impl.LinkedBinaryTreeTest" time="0.0"/>
  <testcase name="testLeft" classname="program.structures.impl.LinkedBinaryTreeTest" time="0.0"/>
  <testcase name="testRoot" classname="program.structures.impl.LinkedBinaryTreeTest" time="0.0"/>
  <testcase name="testSize" classname="program.structures.impl.LinkedBinaryTreeTest" time="0.0"/>
  <testcase name="testValidate_2" classname="program.structures.impl.LinkedBinaryTreeTest" time="0.0"/>
  <testcase name="testValidate_3" classname="program.structures.impl.LinkedBinaryTreeTest" time="0.0"/>
  <testcase name="testValidate_4" classname="program.structures.impl.LinkedBinaryTreeTest" time="0.002"/>
  <testcase name="testValidate" classname="program.structures.impl.LinkedBinaryTreeTest" time="0.001"/>
  <testcase name="testAddRight" classname="program.structures.impl.LinkedBinaryTreeTest" time="0.0"/>
  <testcase name="testNumChildren" classname="program.structures.impl.LinkedBinaryTreeTest" time="0.0"/>
  <testcase name="testRemove_2" classname="program.structures.impl.LinkedBinaryTreeTest" time="0.0"/>
  <testcase name="testRemove_3" classname="program.structures.impl.LinkedBinaryTreeTest" time="0.0"/>
  <testcase name="testRemove_4" classname="program.structures.impl.LinkedBinaryTreeTest" time="0.0"/>
  <testcase name="testCreateNode" classname="program.structures.impl.LinkedBinaryTreeTest" time="0.0"/>
  <testcase name="testSetRoot_2" classname="program.structures.impl.LinkedBinaryTreeTest" time="0.0"/>
  <testcase name="testInsert_2" classname="program.structures.impl.LinkedBinaryTreeTest" time="0.0"/>
  <testcase name="testInsert_3" classname="program.structures.impl.LinkedBinaryTreeTest" time="0.001"/>
  <testcase name="testInsert_4" classname="program.structures.impl.LinkedBinaryTreeTest" time="0.0"/>
  <testcase name="testInsert_5" classname="program.structures.impl.LinkedBinaryTreeTest" time="0.0"/>
  <testcase name="testInsert" classname="program.structures.impl.LinkedBinaryTreeTest" time="0.0"/>
  <testcase name="testSetRoot" classname="program.structures.impl.LinkedBinaryTreeTest" time="0.0"/>
  <testcase name="testParent" classname="program.structures.impl.LinkedBinaryTreeTest" time="0.0"/>
  <testcase name="testRemove" classname="program.structures.impl.LinkedBinaryTreeTest" time="0.0"/>
  <testcase name="testRoot_2" classname="program.structures.impl.LinkedBinaryTreeTest" time="0.001"/>
  <testcase name="testSize_10" classname="program.structures.impl.LinkedBinaryTreeTest" time="0.0"/>
  <testcase name="testSize_2" classname="program.structures.impl.LinkedBinaryTreeTest" time="0.0"/>
  <testcase name="testSize_3" classname="program.structures.impl.LinkedBinaryTreeTest" time="0.0"/>
  <testcase name="testSize_4" classname="program.structures.impl.LinkedBinaryTreeTest" time="0.001"/>
  <testcase name="testSize_5" classname="program.structures.impl.LinkedBinaryTreeTest" time="0.0"/>
  <testcase name="testSize_6" classname="program.structures.impl.LinkedBinaryTreeTest" time="0.0"/>
  <testcase name="testSize_7" classname="program.structures.impl.LinkedBinaryTreeTest" time="0.0"/>
  <testcase name="testSize_8" classname="program.structures.impl.LinkedBinaryTreeTest" time="0.0"/>
  <testcase name="testSize_9" classname="program.structures.impl.LinkedBinaryTreeTest" time="0.0"/>
  <testcase name="testParent_1" classname="program.structures.impl.LinkedBinaryTreeTest" time="0.0"/>
  <testcase name="testParent_2" classname="program.structures.impl.LinkedBinaryTreeTest" time="0.002"/>
  <system-out><![CDATA[]]></system-out>
  <system-err><![CDATA[]]></system-err>
</testsuite>
